<?xml version="1.0" encoding="UTF-8"?>
<!-- Generated by org.testng.reporters.JUnitXMLReporter -->
<testsuite hostname="lenovo" ignored="0" name="Zoopla App TestCases" tests="1" failures="0" timestamp="04 Jul 2019 20:46:32 GMT" time="42.403" errors="0">
  <testcase name="@BeforeTest setUp" time="42.315" classname="tests.AgentDetailsPageTest">
    <failure type="java.lang.NumberFormatException" message="For input string: &amp;quot;&amp;quot;">
      <![CDATA[java.lang.NumberFormatException: For input string: ""
at java.lang.NumberFormatException.forInputString(Unknown Source)
at java.lang.Integer.parseInt(Unknown Source)
at java.lang.Integer.parseInt(Unknown Source)
at pages.PropertyResultsPage.priceslist(PropertyResultsPage.java:33)
at tests.AgentDetailsPageTest.setUp(AgentDetailsPageTest.java:34)
... Removed 24 stack frames]]>
    </failure>
  </testcase> <!-- @BeforeTest setUp -->
  <testcase name="@AfterTest teardown" time="0.0" classname="tests.AgentDetailsPageTest">
    <skipped/>
  </testcase> <!-- @AfterTest teardown -->
  <testcase name="testagent" time="0.0" classname="tests.AgentDetailsPageTest">
    <skipped/>
  </testcase> <!-- testagent -->
</testsuite> <!-- Zoopla App TestCases -->
